This is TeX, Version 3.14159 (Web2C 7.3.1) (format=latex 2000.2.12)  26 MAR 2000 12:25
**./images.tex
(./images.tex
LaTeX2e <1998/12/01> patch level 1
Babel <v3.6x> and hyphenation patterns for american, french, german, ngerman, n
ohyphenation, loaded.

(/usr/share/texmf/tex/latex/base/article.cls
Document Class: article 1999/01/07 v1.4a Standard LaTeX document class
(/usr/share/texmf/tex/latex/base/size10.clo
File: size10.clo 1999/01/07 v1.4a Standard LaTeX file (size option)
)
\c@part=\count79
\c@section=\count80
\c@subsection=\count81
\c@subsubsection=\count82
\c@paragraph=\count83
\c@subparagraph=\count84
\c@figure=\count85
\c@table=\count86
\abovecaptionskip=\skip41
\belowcaptionskip=\skip42
\bibindent=\dimen102
) (/usr/share/texmf/tex/latex/base/ifthen.sty
Package: ifthen 1999/01/07 v1.1a Standard LaTeX ifthen package (DPC)
) (/usr/share/texmf/tex/latex/amslatex/amsmath.sty
Package: amsmath 1997/03/20 v1.2d AMS math features
\@mathmargin=\skip43
(/usr/share/texmf/tex/latex/amslatex/amstext.sty
Package: amstext 1996/10/28 v1.2b
(/usr/share/texmf/tex/latex/amslatex/amsgen.sty
File: amsgen 1996/10/29 v1.2b
\@emptytoks=\toks14
\ex@=\dimen103
)) (/usr/share/texmf/tex/latex/amslatex/amsbsy.sty
Package: amsbsy 1996/10/28 v1.2b
\pmbraise@=\dimen104
) (/usr/share/texmf/tex/latex/amslatex/amsopn.sty
Package: amsopn 1996/10/28 v1.2b operator names
)
LaTeX Info: Redefining \frac on input line 188.
\uproot@=\count87
\leftroot@=\count88
\classnum@=\count89
\DOTSCASE@=\count90
LaTeX Info: Redefining \dots on input line 335.
LaTeX Info: Redefining \ldots on input line 418.
LaTeX Info: Redefining \cdots on input line 422.
\Mathstrutbox@=\box26
\strutbox@=\box27
\big@size=\dimen105
LaTeX Font Info:    Redeclaring font encoding OML on input line 500.
LaTeX Font Info:    Redeclaring font encoding OMS on input line 501.
\skewcharcount@=\count91
\familycount@=\count92
\pointcount@=\count93
\accentdimen@=\dimen106
\accentmu@=\count94
\minaw@=\dimen107
\c@MaxMatrixCols=\count95
\dotsspace@=\muskip10
\c@parentequation=\count96
\dspbrk@lvl=\count97
\tag@help=\toks15
\row@=\count98
\column@=\count99
\maxfields@=\count100
\andhelp@=\toks16
\eqnshift@=\dimen108
\alignsep@=\dimen109
\tagshift@=\dimen110
\tagwidth@=\dimen111
\totwidth@=\dimen112
\lineht@=\dimen113
\@envbody=\toks17
\multlinegap=\skip44
\multlinetaggap=\skip45
) (/usr/share/texmf/tex/latex/base/inputenc.sty beta test version
Package: inputenc 1998/03/05 v0.97 Input encoding file (test version: still lia
ble to change)
(/usr/share/texmf/tex/latex/base/latin1.def
File: latin1.def 1998/03/05 v0.97 Input encoding file (test version: still liab
le to change)
)) (/usr/share/texmf/tex/latex/misc/vmargin.sty
Package: vmargin 1999/06/01
Package `vmargin', V2.2, <1999/06/01>
\PaperWidth=\dimen114
\PaperHeight=\dimen115
) (/usr/share/texmf/tex/latex/amsfonts/euscript.sty
Package: euscript 1995/01/06 v2.2 Euler Script fonts
LaTeX Font Info:    Overwriting math alphabet `\EuScript' in version `bold'
(Font)                  U/eus/m/n --> U/eus/b/n on input line 47.
) (/usr/share/texmf/tex/latex/misc/portland.sty
\paperheight=\dimen116
\phoffset=\dimen117
\pvoffset=\dimen118
\ptextwidth=\dimen119
\ptextheight=\dimen120
\ptopmargin=\dimen121
\poddsidemargin=\dimen122
\pevensidemargin=\dimen123
\lhoffset=\dimen124
\lvoffset=\dimen125
\ltextwidth=\dimen126
\ltextheight=\dimen127
\ltopmargin=\dimen128
\loddsidemargin=\dimen129
\levensidemargin=\dimen130
) (/usr/share/texmf/tex/latex/graphics/color.sty
Package: color 1999/02/16 v1.0i Standard LaTeX Color (DPC)
(/usr/share/texmf/tex/latex/config/color.cfg)
Package color Info: Driver file: dvips.def on input line 125.
(/usr/share/texmf/tex/latex/graphics/dvips.def
File: dvips.def 1999/02/16 v3.0i Driver-dependant file (DPC,SPQR)
) (/usr/share/texmf/tex/latex/graphics/dvipsnam.def
File: dvipsnam.def 1999/02/16 v3.0i Driver-dependant file (DPC,SPQR)
))
\sizebox=\box28
\lthtmlwrite=\write3
(images.aux (/home/antoine/projets/rocket/rocketworkbench/cpropep/doc/cpropep_a
.aux))
\openout1 = `images.aux'.

LaTeX Font Info:    Checking defaults for OML/cmm/m/it on input line 130.
LaTeX Font Info:    ... okay on input line 130.
LaTeX Font Info:    Checking defaults for T1/cmr/m/n on input line 130.
LaTeX Font Info:    ... okay on input line 130.
LaTeX Font Info:    Checking defaults for OT1/cmr/m/n on input line 130.
LaTeX Font Info:    ... okay on input line 130.
LaTeX Font Info:    Checking defaults for OMS/cmsy/m/n on input line 130.
LaTeX Font Info:    ... okay on input line 130.
LaTeX Font Info:    Checking defaults for OMX/cmex/m/n on input line 130.
LaTeX Font Info:    ... okay on input line 130.
LaTeX Font Info:    Checking defaults for U/cmr/m/n on input line 130.
LaTeX Font Info:    ... okay on input line 130.

latex2htmlLength hsize=349.0pt

latex2htmlLength vsize=803.2213pt

latex2htmlLength hoffset=0.0pt

latex2htmlLength voffset=0.0pt

latex2htmlLength topmargin=0.0pt

latex2htmlLength topskip=0.00003pt

latex2htmlLength headheight=0.0pt

latex2htmlLength headsep=0.0pt

latex2htmlLength parskip=0.0pt plus 1.0pt

latex2htmlLength oddsidemargin=99.58464pt

latex2htmlLength evensidemargin=99.58464pt

 \landscape
LaTeX Font Info:    Try loading font information for U+eus on input line 171.
(/usr/share/texmf/tex/latex/amsfonts/ueus.fd
File: ueus.fd 1995/01/05 v2.2e AMS font definitions
)  \endlandscape
l2hSize :landscape647:224.84201pt::0.0pt::803.2213pt.
[1





] (images.aux) ) 
Here is how much of TeX's memory you used:
 1265 strings out of 10901
 14682 string characters out of 72569
 80542 words of memory out of 263001
 4227 multiletter control sequences out of 10000+0
 4694 words of font info for 19 fonts, out of 400000 for 1000
 14 hyphenation exceptions out of 1000
 27i,14n,22p,233b,282s stack positions out of 300i,100n,500p,50000b,4000s

Output written on images.dvi (1 page, 7436 bytes).
